<?xml version="1.0" encoding="UTF-8"?>
<!-- Generated by org.testng.reporters.JUnitReportReporter -->
<testsuite hostname="PRASHANT" failures="0" tests="7" name="DemoProject.Assignment1.LoginTestScript" time="6.860" errors="0" timestamp="2023-01-19T14:24:52 IST" skipped="0">
  <testcase classname="DemoProject.Assignment1.LoginTestScript" name="verifyLogin" time="0.684"/>
  <system-out/>
  <testcase classname="DemoProject.Assignment1.LoginTestScript" name="verifyLogin" time="3.267"/>
  <system-out/>
  <testcase classname="DemoProject.Assignment1.LoginTestScript" name="verifyLogin" time="0.654"/>
  <system-out/>
  <testcase classname="DemoProject.Assignment1.LoginTestScript" name="verifyLogin" time="0.743"/>
  <system-out/>
  <testcase classname="DemoProject.Assignment1.LoginTestScript" name="verifyLogin" time="0.426"/>
  <system-out/>
  <testcase classname="DemoProject.Assignment1.LoginTestScript" name="verifyLogin" time="0.595"/>
  <system-out/>
  <testcase classname="DemoProject.Assignment1.LoginTestScript" name="verifyLogin" time="0.491"/>
  <system-out/>
</testsuite> <!-- DemoProject.Assignment1.LoginTestScript -->
