<?xml version="1.0" encoding="UTF-8"?>
<!-- Generated by org.testng.reporters.JUnitReportReporter -->
<testsuite hostname="PRASHANT" failures="0" tests="1" name="DemoProject.Assignment1.AmountSorting" time="2.503" errors="0" timestamp="2023-01-19T14:24:52 IST" skipped="0">
  <testcase classname="DemoProject.Assignment1.AmountSorting" name="verifySorting" time="2.503"/>
  <system-out/>
</testsuite> <!-- DemoProject.Assignment1.AmountSorting -->
